\BOOKMARK [0][-]{chapter*.1}{\376\377\000W\000e\000e\000k\000\040\0001}{}% 1
\BOOKMARK [1][-]{section*.2}{\376\377\000S\000u\000n\000d\000a\000y\000\040\000E\000v\000e\000n\000i\000n\000g\000\040\000P\000r\000a\000y\000e\000r\000\040\000I}{chapter*.1}% 2
\BOOKMARK [1][-]{section*.2}{\376\377\000S\000u\000n\000d\000a\000y\000\040\000M\000o\000r\000n\000i\000n\000g\000\040\000P\000r\000a\000y\000e\000r}{chapter*.1}% 3
\BOOKMARK [1][-]{section*.2}{\376\377\000S\000u\000n\000d\000a\000y\000\040\000E\000v\000e\000n\000i\000n\000g\000\040\000P\000r\000a\000y\000e\000r\000\040\000I\000I}{chapter*.1}% 4
\BOOKMARK [1][-]{section*.2}{\376\377\000M\000o\000n\000d\000a\000y\000\040\000M\000o\000r\000n\000i\000n\000g\000\040\000P\000r\000a\000y\000e\000r}{chapter*.1}% 5
\BOOKMARK [1][-]{section*.2}{\376\377\000M\000o\000n\000d\000a\000y\000\040\000E\000v\000e\000n\000i\000n\000g\000\040\000P\000r\000a\000y\000e\000r}{chapter*.1}% 6
\BOOKMARK [1][-]{section*.2}{\376\377\000T\000u\000e\000s\000d\000a\000y\000\040\000M\000o\000r\000n\000i\000n\000g\000\040\000P\000r\000a\000y\000e\000r}{chapter*.1}% 7
\BOOKMARK [1][-]{section*.2}{\376\377\000T\000u\000e\000s\000d\000a\000y\000\040\000E\000v\000e\000n\000i\000n\000g\000\040\000P\000r\000a\000y\000e\000r}{chapter*.1}% 8
\BOOKMARK [1][-]{section*.2}{\376\377\000W\000e\000d\000n\000e\000s\000d\000a\000y\000\040\000M\000o\000r\000n\000i\000n\000g\000\040\000P\000r\000a\000y\000e\000r}{chapter*.1}% 9
\BOOKMARK [1][-]{section*.2}{\376\377\000W\000e\000d\000n\000e\000s\000d\000a\000y\000\040\000E\000v\000e\000n\000i\000n\000g\000\040\000P\000r\000a\000y\000e\000r}{chapter*.1}% 10
\BOOKMARK [1][-]{section*.2}{\376\377\000T\000h\000u\000r\000s\000d\000a\000y\000\040\000M\000o\000r\000n\000i\000n\000g\000\040\000P\000r\000a\000y\000e\000r}{chapter*.1}% 11
\BOOKMARK [1][-]{section*.2}{\376\377\000T\000h\000u\000r\000s\000d\000a\000y\000\040\000E\000v\000e\000n\000i\000n\000g\000\040\000P\000r\000a\000y\000e\000r}{chapter*.1}% 12
\BOOKMARK [1][-]{section*.2}{\376\377\000F\000r\000i\000d\000a\000y\000\040\000M\000o\000r\000n\000i\000n\000g\000\040\000P\000r\000a\000y\000e\000r}{chapter*.1}% 13
\BOOKMARK [1][-]{section*.2}{\376\377\000F\000r\000i\000d\000a\000y\000\040\000E\000v\000e\000n\000i\000n\000g\000\040\000P\000r\000a\000y\000e\000r}{chapter*.1}% 14
\BOOKMARK [1][-]{section*.2}{\376\377\000S\000a\000t\000u\000r\000d\000a\000y\000\040\000M\000o\000r\000n\000i\000n\000g\000\040\000P\000r\000a\000y\000e\000r}{chapter*.1}% 15
\BOOKMARK [0][-]{section*.2}{\376\377\000W\000e\000e\000k\000\040\0002}{}% 16
\BOOKMARK [1][-]{section*.3}{\376\377\000S\000u\000n\000d\000a\000y\000\040\000E\000v\000e\000n\000i\000n\000g\000\040\000P\000r\000a\000y\000e\000r\000\040\000I}{section*.2}% 17
\BOOKMARK [1][-]{section*.3}{\376\377\000S\000u\000n\000d\000a\000y\000\040\000M\000o\000r\000n\000i\000n\000g\000\040\000P\000r\000a\000y\000e\000r}{section*.2}% 18
\BOOKMARK [1][-]{section*.3}{\376\377\000S\000u\000n\000d\000a\000y\000\040\000E\000v\000e\000n\000i\000n\000g\000\040\000P\000r\000a\000y\000e\000r\000\040\000I\000I}{section*.2}% 19
\BOOKMARK [1][-]{section*.3}{\376\377\000M\000o\000n\000d\000a\000y\000\040\000M\000o\000r\000n\000i\000n\000g\000\040\000P\000r\000a\000y\000e\000r}{section*.2}% 20
\BOOKMARK [1][-]{section*.3}{\376\377\000M\000o\000n\000d\000a\000y\000\040\000E\000v\000e\000n\000i\000n\000g\000\040\000P\000r\000a\000y\000e\000r}{section*.2}% 21
\BOOKMARK [1][-]{section*.3}{\376\377\000T\000u\000e\000s\000d\000a\000y\000\040\000M\000o\000r\000n\000i\000n\000g\000\040\000P\000r\000a\000y\000e\000r}{section*.2}% 22
\BOOKMARK [1][-]{section*.3}{\376\377\000T\000u\000e\000s\000d\000a\000y\000\040\000E\000v\000e\000n\000i\000n\000g\000\040\000P\000r\000a\000y\000e\000r}{section*.2}% 23
\BOOKMARK [1][-]{section*.3}{\376\377\000W\000e\000d\000n\000e\000s\000d\000a\000y\000\040\000M\000o\000r\000n\000i\000n\000g\000\040\000P\000r\000a\000y\000e\000r}{section*.2}% 24
\BOOKMARK [1][-]{section*.3}{\376\377\000W\000e\000d\000n\000e\000s\000d\000a\000y\000\040\000E\000v\000e\000n\000i\000n\000g\000\040\000P\000r\000a\000y\000e\000r}{section*.2}% 25
\BOOKMARK [1][-]{section*.3}{\376\377\000T\000h\000u\000r\000s\000d\000a\000y\000\040\000M\000o\000r\000n\000i\000n\000g\000\040\000P\000r\000a\000y\000e\000r}{section*.2}% 26
\BOOKMARK [1][-]{section*.3}{\376\377\000T\000h\000u\000r\000s\000d\000a\000y\000\040\000E\000v\000e\000n\000i\000n\000g\000\040\000P\000r\000a\000y\000e\000r}{section*.2}% 27
\BOOKMARK [1][-]{section*.3}{\376\377\000F\000r\000i\000d\000a\000y\000\040\000M\000o\000r\000n\000i\000n\000g\000\040\000P\000r\000a\000y\000e\000r}{section*.2}% 28
\BOOKMARK [1][-]{section*.3}{\376\377\000F\000r\000i\000d\000a\000y\000\040\000E\000v\000e\000n\000i\000n\000g\000\040\000P\000r\000a\000y\000e\000r}{section*.2}% 29
\BOOKMARK [1][-]{section*.3}{\376\377\000S\000a\000t\000u\000r\000d\000a\000y\000\040\000M\000o\000r\000n\000i\000n\000g\000\040\000P\000r\000a\000y\000e\000r}{section*.2}% 30
\BOOKMARK [0][-]{section*.3}{\376\377\000W\000e\000e\000k\000\040\0003\000\040\000\050\000b\000e\000f\000o\000r\000e\000\040\000D\000e\000c\000.\000\040\0001\0007\000\051}{}% 31
\BOOKMARK [1][-]{section*.4}{\376\377\000S\000u\000n\000d\000a\000y\000\040\000E\000v\000e\000n\000i\000n\000g\000\040\000P\000r\000a\000y\000e\000r\000\040\000I}{section*.3}% 32
\BOOKMARK [1][-]{section*.4}{\376\377\000S\000u\000n\000d\000a\000y\000\040\000M\000o\000r\000n\000i\000n\000g\000\040\000P\000r\000a\000y\000e\000r}{section*.3}% 33
\BOOKMARK [1][-]{section*.4}{\376\377\000S\000u\000n\000d\000a\000y\000\040\000E\000v\000e\000n\000i\000n\000g\000\040\000P\000r\000a\000y\000e\000r\000\040\000I\000I}{section*.3}% 34
\BOOKMARK [1][-]{section*.4}{\376\377\000M\000o\000n\000d\000a\000y\000\040\000M\000o\000r\000n\000i\000n\000g\000\040\000P\000r\000a\000y\000e\000r}{section*.3}% 35
\BOOKMARK [1][-]{section*.4}{\376\377\000M\000o\000n\000d\000a\000y\000\040\000E\000v\000e\000n\000i\000n\000g\000\040\000P\000r\000a\000y\000e\000r}{section*.3}% 36
\BOOKMARK [1][-]{section*.4}{\376\377\000T\000u\000e\000s\000d\000a\000y\000\040\000M\000o\000r\000n\000i\000n\000g\000\040\000P\000r\000a\000y\000e\000r}{section*.3}% 37
\BOOKMARK [1][-]{section*.4}{\376\377\000T\000u\000e\000s\000d\000a\000y\000\040\000E\000v\000e\000n\000i\000n\000g\000\040\000P\000r\000a\000y\000e\000r}{section*.3}% 38
\BOOKMARK [1][-]{section*.4}{\376\377\000W\000e\000d\000n\000e\000s\000d\000a\000y\000\040\000M\000o\000r\000n\000i\000n\000g\000\040\000P\000r\000a\000y\000e\000r}{section*.3}% 39
\BOOKMARK [1][-]{section*.4}{\376\377\000W\000e\000d\000n\000e\000s\000d\000a\000y\000\040\000E\000v\000e\000n\000i\000n\000g\000\040\000P\000r\000a\000y\000e\000r}{section*.3}% 40
\BOOKMARK [1][-]{section*.4}{\376\377\000T\000h\000u\000r\000s\000d\000a\000y\000\040\000M\000o\000r\000n\000i\000n\000g\000\040\000P\000r\000a\000y\000e\000r}{section*.3}% 41
\BOOKMARK [1][-]{section*.4}{\376\377\000T\000h\000u\000r\000s\000d\000a\000y\000\040\000E\000v\000e\000n\000i\000n\000g\000\040\000P\000r\000a\000y\000e\000r}{section*.3}% 42
\BOOKMARK [1][-]{section*.4}{\376\377\000F\000r\000i\000d\000a\000y\000\040\000M\000o\000r\000n\000i\000n\000g\000\040\000P\000r\000a\000y\000e\000r}{section*.3}% 43
\BOOKMARK [1][-]{section*.4}{\376\377\000F\000r\000i\000d\000a\000y\000\040\000E\000v\000e\000n\000i\000n\000g\000\040\000P\000r\000a\000y\000e\000r}{section*.3}% 44
\BOOKMARK [0][-]{section*.4}{\376\377\000W\000e\000e\000k\000\040\0003\000\040\000\050\000F\000r\000o\000m\000\040\000D\000e\000c\000.\000\040\0001\0007\000\051}{}% 45
\BOOKMARK [1][-]{section*.5}{\376\377\000S\000u\000n\000d\000a\000y\000\040\000E\000v\000e\000n\000i\000n\000g\000\040\000P\000r\000a\000y\000e\000r\000\040\000I}{section*.4}% 46
\BOOKMARK [1][-]{section*.5}{\376\377\000S\000u\000n\000d\000a\000y\000\040\000M\000o\000r\000n\000i\000n\000g\000\040\000P\000r\000a\000y\000e\000r}{section*.4}% 47
\BOOKMARK [1][-]{section*.5}{\376\377\000S\000u\000n\000d\000a\000y\000\040\000E\000v\000e\000n\000i\000n\000g\000\040\000P\000r\000a\000y\000e\000r\000\040\000I\000I}{section*.4}% 48
\BOOKMARK [1][-]{section*.5}{\376\377\000M\000o\000n\000d\000a\000y\000\040\000M\000o\000r\000n\000i\000n\000g\000\040\000P\000r\000a\000y\000e\000r}{section*.4}% 49
\BOOKMARK [1][-]{section*.5}{\376\377\000M\000o\000n\000d\000a\000y\000\040\000E\000v\000e\000n\000i\000n\000g\000\040\000P\000r\000a\000y\000e\000r}{section*.4}% 50
\BOOKMARK [1][-]{section*.5}{\376\377\000T\000u\000e\000s\000d\000a\000y\000\040\000M\000o\000r\000n\000i\000n\000g\000\040\000P\000r\000a\000y\000e\000r}{section*.4}% 51
\BOOKMARK [1][-]{section*.5}{\376\377\000T\000u\000e\000s\000d\000a\000y\000\040\000E\000v\000e\000n\000i\000n\000g\000\040\000P\000r\000a\000y\000e\000r}{section*.4}% 52
\BOOKMARK [1][-]{section*.5}{\376\377\000W\000e\000d\000n\000e\000s\000d\000a\000y\000\040\000M\000o\000r\000n\000i\000n\000g\000\040\000P\000r\000a\000y\000e\000r}{section*.4}% 53
\BOOKMARK [1][-]{section*.5}{\376\377\000W\000e\000d\000n\000e\000s\000d\000a\000y\000\040\000E\000v\000e\000n\000i\000n\000g\000\040\000P\000r\000a\000y\000e\000r}{section*.4}% 54
\BOOKMARK [1][-]{section*.5}{\376\377\000T\000h\000u\000r\000s\000d\000a\000y\000\040\000M\000o\000r\000n\000i\000n\000g\000\040\000P\000r\000a\000y\000e\000r}{section*.4}% 55
\BOOKMARK [1][-]{section*.5}{\376\377\000T\000h\000u\000r\000s\000d\000a\000y\000\040\000E\000v\000e\000n\000i\000n\000g\000\040\000P\000r\000a\000y\000e\000r}{section*.4}% 56
\BOOKMARK [1][-]{section*.5}{\376\377\000F\000r\000i\000d\000a\000y\000\040\000M\000o\000r\000n\000i\000n\000g\000\040\000P\000r\000a\000y\000e\000r}{section*.4}% 57
\BOOKMARK [1][-]{section*.5}{\376\377\000F\000r\000i\000d\000a\000y\000\040\000E\000v\000e\000n\000i\000n\000g\000\040\000P\000r\000a\000y\000e\000r}{section*.4}% 58
\BOOKMARK [1][-]{section*.5}{\376\377\000S\000a\000t\000u\000r\000d\000a\000y\000\040\000M\000o\000r\000n\000i\000n\000g\000\040\000P\000r\000a\000y\000e\000r}{section*.4}% 59
\BOOKMARK [0][-]{section*.5}{\376\377\000W\000e\000e\000k\000\040\0004\000\040\000\050\000F\000r\000o\000m\000\040\000D\000e\000c\000.\000\040\0001\0007\000\051}{}% 60
\BOOKMARK [1][-]{section*.6}{\376\377\000S\000u\000n\000d\000a\000y\000\040\000E\000v\000e\000n\000i\000n\000g\000\040\000P\000r\000a\000y\000e\000r\000\040\000I}{section*.5}% 61
\BOOKMARK [1][-]{section*.6}{\376\377\000S\000u\000n\000d\000a\000y\000\040\000M\000o\000r\000n\000i\000n\000g\000\040\000P\000r\000a\000y\000e\000r}{section*.5}% 62
\BOOKMARK [1][-]{section*.6}{\376\377\000S\000u\000n\000d\000a\000y\000\040\000E\000v\000e\000n\000i\000n\000g\000\040\000P\000r\000a\000y\000e\000r\000\040\000I\000I}{section*.5}% 63
\BOOKMARK [1][-]{section*.6}{\376\377\000M\000o\000n\000d\000a\000y\000\040\000M\000o\000r\000n\000i\000n\000g\000\040\000P\000r\000a\000y\000e\000r}{section*.5}% 64
\BOOKMARK [1][-]{section*.6}{\376\377\000M\000o\000n\000d\000a\000y\000\040\000E\000v\000e\000n\000i\000n\000g\000\040\000P\000r\000a\000y\000e\000r}{section*.5}% 65
\BOOKMARK [1][-]{section*.6}{\376\377\000T\000u\000e\000s\000d\000a\000y\000\040\000M\000o\000r\000n\000i\000n\000g\000\040\000P\000r\000a\000y\000e\000r}{section*.5}% 66
\BOOKMARK [1][-]{section*.6}{\376\377\000T\000u\000e\000s\000d\000a\000y\000\040\000E\000v\000e\000n\000i\000n\000g\000\040\000P\000r\000a\000y\000e\000r}{section*.5}% 67
\BOOKMARK [1][-]{section*.6}{\376\377\000W\000e\000d\000n\000e\000s\000d\000a\000y\000\040\000M\000o\000r\000n\000i\000n\000g\000\040\000P\000r\000a\000y\000e\000r}{section*.5}% 68
\BOOKMARK [1][-]{section*.6}{\376\377\000W\000e\000d\000n\000e\000s\000d\000a\000y\000\040\000E\000v\000e\000n\000i\000n\000g\000\040\000P\000r\000a\000y\000e\000r}{section*.5}% 69
\BOOKMARK [1][-]{section*.6}{\376\377\000T\000h\000u\000r\000s\000d\000a\000y\000\040\000M\000o\000r\000n\000i\000n\000g\000\040\000P\000r\000a\000y\000e\000r}{section*.5}% 70
\BOOKMARK [1][-]{section*.6}{\376\377\000T\000h\000u\000r\000s\000d\000a\000y\000\040\000E\000v\000e\000n\000i\000n\000g\000\040\000P\000r\000a\000y\000e\000r}{section*.5}% 71
\BOOKMARK [1][-]{section*.6}{\376\377\000F\000r\000i\000d\000a\000y\000\040\000M\000o\000r\000n\000i\000n\000g\000\040\000P\000r\000a\000y\000e\000r}{section*.5}% 72
\BOOKMARK [1][-]{section*.6}{\376\377\000F\000r\000i\000d\000a\000y\000\040\000E\000v\000e\000n\000i\000n\000g\000\040\000P\000r\000a\000y\000e\000r}{section*.5}% 73
\BOOKMARK [1][-]{section*.6}{\376\377\000S\000a\000t\000u\000r\000d\000a\000y\000\040\000M\000o\000r\000n\000i\000n\000g\000\040\000P\000r\000a\000y\000e\000r}{section*.5}% 74
\BOOKMARK [0][-]{section*.6}{\376\377\000A\000d\000v\000e\000n\000t\000,\000\040\000D\000e\000c\000.\000\040\0002\0004}{}% 75
\BOOKMARK [1][-]{section*.7}{\376\377\000D\000e\000c\000.\000\040\0002\0004\000,\000\040\000M\000o\000r\000n\000i\000n\000g\000\040\000P\000r\000a\000y\000e\000r}{section*.6}% 76
