\BOOKMARK [0][-]{chapter*.1}{\376\377\000A\000d\000v\000e\000n\000t\000,\000\040\000W\000e\000e\000k\000\040\000I}{}% 1
\BOOKMARK [1][-]{section*.2}{\376\377\000S\000u\000n\000d\000a\000y\000\040\000E\000v\000e\000n\000i\000n\000g\000\040\000P\000r\000a\000y\000e\000r\000\040\000I}{chapter*.1}% 2
\BOOKMARK [1][-]{poemline.7.9}{\376\377\000S\000u\000n\000d\000a\000y\000\040\000M\000o\000r\000n\000i\000n\000g\000\040\000P\000r\000a\000y\000e\000r}{chapter*.1}% 3
\BOOKMARK [1][-]{poemline.14.9}{\376\377\000S\000u\000n\000d\000a\000y\000\040\000E\000v\000e\000n\000i\000n\000g\000\040\000P\000r\000a\000y\000e\000r\000\040\000I\000I}{chapter*.1}% 4
\BOOKMARK [1][-]{poemline.21.9}{\376\377\000M\000o\000n\000d\000a\000y\000\040\000M\000o\000r\000n\000i\000n\000g\000\040\000P\000r\000a\000y\000e\000r}{chapter*.1}% 5
\BOOKMARK [1][-]{poemline.28.8}{\376\377\000M\000o\000n\000d\000a\000y\000\040\000E\000v\000e\000n\000i\000n\000g\000\040\000P\000r\000a\000y\000e\000r}{chapter*.1}% 6
\BOOKMARK [1][-]{poemline.35.8}{\376\377\000T\000u\000e\000s\000d\000a\000y\000\040\000M\000o\000r\000n\000i\000n\000g\000\040\000P\000r\000a\000y\000e\000r}{chapter*.1}% 7
\BOOKMARK [1][-]{poemline.42.10}{\376\377\000T\000u\000e\000s\000d\000a\000y\000\040\000E\000v\000e\000n\000i\000n\000g\000\040\000P\000r\000a\000y\000e\000r}{chapter*.1}% 8
\BOOKMARK [1][-]{poemline.49.10}{\376\377\000W\000e\000d\000n\000e\000s\000d\000a\000y\000\040\000M\000o\000r\000n\000i\000n\000g\000\040\000P\000r\000a\000y\000e\000r}{chapter*.1}% 9
\BOOKMARK [1][-]{poemline.56.8}{\376\377\000W\000e\000d\000n\000e\000s\000d\000a\000y\000\040\000E\000v\000e\000n\000i\000n\000g\000\040\000P\000r\000a\000y\000e\000r}{chapter*.1}% 10
\BOOKMARK [1][-]{poemline.63.8}{\376\377\000T\000h\000u\000r\000s\000d\000a\000y\000\040\000M\000o\000r\000n\000i\000n\000g\000\040\000P\000r\000a\000y\000e\000r}{chapter*.1}% 11
\BOOKMARK [1][-]{poemline.70.8}{\376\377\000T\000h\000u\000r\000s\000d\000a\000y\000\040\000E\000v\000e\000n\000i\000n\000g\000\040\000P\000r\000a\000y\000e\000r}{chapter*.1}% 12
\BOOKMARK [1][-]{poemline.77.8}{\376\377\000F\000r\000i\000d\000a\000y\000\040\000M\000o\000r\000n\000i\000n\000g\000\040\000P\000r\000a\000y\000e\000r}{chapter*.1}% 13
\BOOKMARK [1][-]{poemline.84.10}{\376\377\000F\000r\000d\000a\000y\000\040\000E\000v\000e\000n\000i\000n\000g\000\040\000P\000r\000a\000y\000e\000r}{chapter*.1}% 14
\BOOKMARK [1][-]{poemline.90.10}{\376\377\000S\000a\000t\000u\000r\000d\000a\000y\000\040\000M\000o\000r\000n\000i\000n\000g\000\040\000P\000r\000a\000y\000e\000r}{chapter*.1}% 15
\BOOKMARK [0][-]{chapter*.3}{\376\377\000A\000d\000v\000e\000n\000t\000,\000\040\000W\000e\000e\000k\000\040\000I\000I}{}% 16
\BOOKMARK [1][-]{section*.4}{\376\377\000S\000u\000n\000d\000a\000y\000\040\000E\000v\000e\000n\000i\000n\000g\000\040\000P\000r\000a\000y\000e\000r\000\040\000I}{chapter*.3}% 17
\BOOKMARK [1][-]{poemline.104.8}{\376\377\000S\000u\000n\000d\000a\000y\000\040\000M\000o\000r\000n\000i\000n\000g\000\040\000P\000r\000a\000y\000e\000r}{chapter*.3}% 18
\BOOKMARK [1][-]{poemline.111.8}{\376\377\000S\000u\000n\000d\000a\000y\000\040\000E\000v\000e\000n\000i\000n\000g\000\040\000P\000r\000a\000y\000e\000r\000\040\000I\000I}{chapter*.3}% 19
\BOOKMARK [1][-]{poemline.118.11}{\376\377\000M\000o\000n\000d\000a\000y\000\040\000M\000o\000r\000n\000i\000n\000g\000\040\000P\000r\000a\000y\000e\000r}{chapter*.3}% 20
\BOOKMARK [1][-]{poemline.125.9}{\376\377\000M\000o\000n\000d\000a\000y\000\040\000E\000v\000e\000n\000i\000n\000g\000\040\000P\000r\000a\000y\000e\000r}{chapter*.3}% 21
\BOOKMARK [1][-]{poemline.132.9}{\376\377\000T\000u\000e\000s\000d\000a\000y\000\040\000M\000o\000r\000n\000i\000n\000g\000\040\000P\000r\000a\000y\000e\000r}{chapter*.3}% 22
\BOOKMARK [1][-]{poemline.139.8}{\376\377\000T\000u\000e\000s\000d\000a\000y\000\040\000E\000v\000e\000n\000i\000n\000g\000\040\000P\000r\000a\000y\000e\000r}{chapter*.3}% 23
\BOOKMARK [1][-]{poemline.146.8}{\376\377\000W\000e\000d\000n\000e\000s\000d\000a\000y\000\040\000M\000o\000r\000n\000i\000n\000g\000\040\000P\000r\000a\000y\000e\000r}{chapter*.3}% 24
\BOOKMARK [1][-]{poemline.153.9}{\376\377\000W\000e\000d\000n\000e\000s\000d\000a\000y\000\040\000E\000v\000e\000n\000i\000n\000g\000\040\000P\000r\000a\000y\000e\000r}{chapter*.3}% 25
\BOOKMARK [1][-]{poemline.160.9}{\376\377\000T\000h\000u\000r\000s\000d\000a\000y\000\040\000M\000o\000r\000n\000i\000n\000g\000\040\000P\000r\000a\000y\000e\000r}{chapter*.3}% 26
\BOOKMARK [1][-]{poemline.167.10}{\376\377\000T\000h\000u\000r\000s\000d\000a\000y\000\040\000E\000v\000e\000n\000i\000n\000g\000\040\000P\000r\000a\000y\000e\000r}{chapter*.3}% 27
\BOOKMARK [1][-]{poemline.174.10}{\376\377\000F\000r\000i\000d\000a\000y\000\040\000M\000o\000r\000n\000i\000n\000g\000\040\000P\000r\000a\000y\000e\000r}{chapter*.3}% 28
\BOOKMARK [1][-]{poemline.181.9}{\376\377\000F\000r\000d\000a\000y\000\040\000E\000v\000e\000n\000i\000n\000g\000\040\000P\000r\000a\000y\000e\000r}{chapter*.3}% 29
\BOOKMARK [1][-]{poemline.188.9}{\376\377\000S\000a\000t\000u\000r\000d\000a\000y\000\040\000M\000o\000r\000n\000i\000n\000g\000\040\000P\000r\000a\000y\000e\000r}{chapter*.3}% 30
\BOOKMARK [0][-]{chapter*.5}{\376\377\000A\000d\000v\000e\000n\000t\000,\000\040\000W\000e\000e\000k\000\040\000I\000I\000I\000\040\000\050\000P\000s\000a\000l\000m\000o\000d\000y\000\040\000f\000a\000l\000l\000i\000n\000g\000\040\000b\000e\000f\000o\000r\000e\000\040\000D\000e\000c\000\040\0001\0007\000\051}{}% 31
\BOOKMARK [1][-]{section*.6}{\376\377\000S\000u\000n\000d\000a\000y\000\040\000E\000v\000e\000n\000i\000n\000g\000\040\000P\000r\000a\000y\000e\000r\000\040\000I}{chapter*.5}% 32
\BOOKMARK [1][-]{poemline.202.10}{\376\377\000S\000u\000n\000d\000a\000y\000\040\000M\000o\000r\000n\000i\000n\000g\000\040\000P\000r\000a\000y\000e\000r}{chapter*.5}% 33
\BOOKMARK [1][-]{poemline.209.10}{\376\377\000S\000u\000n\000d\000a\000y\000\040\000E\000v\000e\000n\000i\000n\000g\000\040\000P\000r\000a\000y\000e\000r\000\040\000I\000I}{chapter*.5}% 34
\BOOKMARK [1][-]{poemline.216.10}{\376\377\000M\000o\000n\000d\000a\000y\000\040\000M\000o\000r\000n\000i\000n\000g\000\040\000P\000r\000a\000y\000e\000r}{chapter*.5}% 35
\BOOKMARK [1][-]{poemline.223.6}{\376\377\000M\000o\000n\000d\000a\000y\000\040\000E\000v\000e\000n\000i\000n\000g\000\040\000P\000r\000a\000y\000e\000r}{chapter*.5}% 36
\BOOKMARK [1][-]{poemline.230.6}{\376\377\000T\000u\000e\000s\000d\000a\000y\000\040\000M\000o\000r\000n\000i\000n\000g\000\040\000P\000r\000a\000y\000e\000r}{chapter*.5}% 37
\BOOKMARK [1][-]{poemline.237.10}{\376\377\000T\000u\000e\000s\000d\000a\000y\000\040\000E\000v\000e\000n\000i\000n\000g\000\040\000P\000r\000a\000y\000e\000r}{chapter*.5}% 38
\BOOKMARK [1][-]{poemline.244.10}{\376\377\000W\000e\000d\000n\000e\000s\000d\000a\000y\000\040\000M\000o\000r\000n\000i\000n\000g\000\040\000P\000r\000a\000y\000e\000r}{chapter*.5}% 39
\BOOKMARK [1][-]{poemline.251.8}{\376\377\000W\000e\000d\000n\000e\000s\000d\000a\000y\000\040\000E\000v\000e\000n\000i\000n\000g\000\040\000P\000r\000a\000y\000e\000r}{chapter*.5}% 40
\BOOKMARK [1][-]{poemline.258.8}{\376\377\000T\000h\000u\000r\000s\000d\000a\000y\000\040\000M\000o\000r\000n\000i\000n\000g\000\040\000P\000r\000a\000y\000e\000r}{chapter*.5}% 41
\BOOKMARK [1][-]{poemline.265.7}{\376\377\000T\000h\000u\000r\000s\000d\000a\000y\000\040\000E\000v\000e\000n\000i\000n\000g\000\040\000P\000r\000a\000y\000e\000r}{chapter*.5}% 42
\BOOKMARK [1][-]{poemline.272.7}{\376\377\000F\000r\000i\000d\000a\000y\000\040\000M\000o\000r\000n\000i\000n\000g\000\040\000P\000r\000a\000y\000e\000r}{chapter*.5}% 43
\BOOKMARK [1][-]{poemline.279.9}{\376\377\000F\000r\000d\000a\000y\000\040\000E\000v\000e\000n\000i\000n\000g\000\040\000P\000r\000a\000y\000e\000r}{chapter*.5}% 44
\BOOKMARK [1][-]{poemline.286.9}{\376\377\000S\000a\000t\000u\000r\000d\000a\000y\000\040\000M\000o\000r\000n\000i\000n\000g\000\040\000P\000r\000a\000y\000e\000r}{chapter*.5}% 45
\BOOKMARK [0][-]{chapter*.7}{\376\377\000A\000d\000v\000e\000n\000t\000,\000\040\000W\000e\000e\000k\000\040\000I\000I\000I\000\040\000\050\000P\000s\000a\000l\000m\000o\000d\000y\000\040\000f\000r\000o\000m\000\040\000D\000e\000c\000.\000\040\0001\0007\000\051}{}% 46
\BOOKMARK [1][-]{section*.8}{\376\377\000M\000o\000n\000d\000a\000y\000\040\000M\000o\000r\000n\000i\000n\000g\000\040\000P\000r\000a\000y\000e\000r}{chapter*.7}% 47
\BOOKMARK [1][-]{poemline.293.24}{\376\377\000M\000o\000n\000d\000a\000y\000\040\000E\000v\000e\000n\000i\000n\000g\000\040\000P\000r\000a\000y\000e\000r}{chapter*.7}% 48
\BOOKMARK [1][-]{poemline.296.22}{\376\377\000T\000u\000e\000s\000d\000a\000y\000\040\000M\000o\000r\000n\000i\000n\000g\000\040\000P\000r\000a\000y\000e\000r}{chapter*.7}% 49
\BOOKMARK [1][-]{poemline.299.16}{\376\377\000T\000u\000e\000s\000d\000a\000y\000\040\000E\000v\000e\000n\000i\000n\000g\000\040\000P\000r\000a\000y\000e\000r}{chapter*.7}% 50
\BOOKMARK [1][-]{poemline.302.15}{\376\377\000W\000e\000d\000n\000e\000s\000d\000a\000y\000\040\000M\000o\000r\000n\000i\000n\000g\000\040\000P\000r\000a\000y\000e\000r}{chapter*.7}% 51
\BOOKMARK [1][-]{poemline.305.22}{\376\377\000W\000e\000d\000n\000e\000s\000d\000a\000y\000\040\000E\000v\000e\000n\000i\000n\000g\000\040\000P\000r\000a\000y\000e\000r}{chapter*.7}% 52
\BOOKMARK [1][-]{poemline.308.21}{\376\377\000T\000h\000u\000r\000s\000d\000a\000y\000\040\000M\000o\000r\000n\000i\000n\000g\000\040\000P\000r\000a\000y\000e\000r}{chapter*.7}% 53
\BOOKMARK [1][-]{poemline.311.20}{\376\377\000T\000h\000u\000r\000s\000d\000a\000y\000\040\000E\000v\000e\000n\000i\000n\000g\000\040\000P\000r\000a\000y\000e\000r}{chapter*.7}% 54
\BOOKMARK [1][-]{poemline.314.20}{\376\377\000F\000R\000I\000D\000A\000Y\000\040\000L\000A\000U\000D\000S\000\040\000a\000n\000d\000\040\000V\000E\000S\000P\000E\000R\000S\000\040\000a\000n\000d\000\040\000m\000o\000s\000t\000\040\000o\000f\000\040\000S\000A\000T\000U\000R\000D\000A\000Y\000\040\000L\000A\000U\000D\000S\000\040\000a\000r\000e\000\040\000m\000i\000s\000s\000i\000n\000g\000.}{chapter*.7}% 55
\BOOKMARK [1][-]{poemline.314.20}{\376\377\000S\000a\000t\000u\000r\000d\000a\000y\000\040\000M\000o\000r\000n\000i\000n\000g\000\040\000P\000r\000a\000y\000e\000r}{chapter*.7}% 56
\BOOKMARK [0][-]{chapter*.9}{\376\377\000A\000d\000v\000e\000n\000t\000,\000\040\000W\000e\000e\000k\000\040\000I\000V}{}% 57
\BOOKMARK [1][-]{section*.10}{\376\377\000S\000u\000n\000d\000a\000y\000\040\000E\000v\000e\000n\000i\000n\000g\000\040\000P\000r\000a\000y\000e\000r\000\040\000I}{chapter*.9}% 58
\BOOKMARK [1][-]{poemline.318.15}{\376\377\000S\000u\000n\000d\000a\000y\000\040\000M\000o\000r\000n\000i\000n\000g\000\040\000P\000r\000a\000y\000e\000r}{chapter*.9}% 59
\BOOKMARK [1][-]{poemline.321.13}{\376\377\000S\000u\000n\000d\000a\000y\000\040\000E\000v\000e\000n\000i\000n\000g\000\040\000P\000r\000a\000y\000e\000r\000\040\000I\000I}{chapter*.9}% 60
\BOOKMARK [1][-]{poemline.324.25}{\376\377\000M\000o\000n\000d\000a\000y\000\040\000M\000o\000r\000n\000i\000n\000g\000\040\000P\000r\000a\000y\000e\000r}{chapter*.9}% 61
\BOOKMARK [1][-]{poemline.327.25}{\376\377\000M\000o\000n\000d\000a\000y\000\040\000E\000v\000e\000n\000i\000n\000g\000\040\000P\000r\000a\000y\000e\000r}{chapter*.9}% 62
\BOOKMARK [1][-]{poemline.330.22}{\376\377\000T\000u\000e\000s\000d\000a\000y\000\040\000M\000o\000r\000n\000i\000n\000g\000\040\000P\000r\000a\000y\000e\000r}{chapter*.9}% 63
\BOOKMARK [1][-]{poemline.333.22}{\376\377\000T\000u\000e\000s\000d\000a\000y\000\040\000E\000v\000e\000n\000i\000n\000g\000\040\000P\000r\000a\000y\000e\000r}{chapter*.9}% 64
\BOOKMARK [1][-]{poemline.336.15}{\376\377\000W\000e\000d\000n\000e\000s\000d\000a\000y\000\040\000M\000o\000r\000n\000i\000n\000g\000\040\000P\000r\000a\000y\000e\000r}{chapter*.9}% 65
\BOOKMARK [1][-]{poemline.339.21}{\376\377\000W\000e\000d\000n\000e\000s\000d\000a\000y\000\040\000E\000v\000e\000n\000i\000n\000g\000\040\000P\000r\000a\000y\000e\000r}{chapter*.9}% 66
\BOOKMARK [1][-]{poemline.342.21}{\376\377\000T\000h\000u\000r\000s\000d\000a\000y\000\040\000M\000o\000r\000n\000i\000n\000g\000\040\000P\000r\000a\000y\000e\000r}{chapter*.9}% 67
\BOOKMARK [1][-]{poemline.345.24}{\376\377\000T\000h\000u\000r\000s\000d\000a\000y\000\040\000E\000v\000e\000n\000i\000n\000g\000\040\000P\000r\000a\000y\000e\000r}{chapter*.9}% 68
\BOOKMARK [1][-]{poemline.348.20}{\376\377\000F\000R\000I\000D\000A\000Y\000\040\000L\000A\000U\000D\000S\000\040\000a\000n\000d\000\040\000V\000E\000S\000P\000E\000R\000S\000\040\000a\000n\000d\000\040\000m\000o\000s\000t\000\040\000o\000f\000\040\000S\000A\000T\000U\000R\000D\000A\000Y\000\040\000L\000A\000U\000D\000S\000\040\000a\000r\000e\000\040\000m\000i\000s\000s\000i\000n\000g\000.}{chapter*.9}% 69
\BOOKMARK [1][-]{poemline.348.20}{\376\377\000S\000a\000t\000u\000r\000d\000a\000y\000\040\000M\000o\000r\000n\000i\000n\000g\000\040\000P\000r\000a\000y\000e\000r}{chapter*.9}% 70
\BOOKMARK [0][-]{chapter*.11}{\376\377\000A\000d\000v\000e\000n\000t\000,\000\040\000D\000e\000c\000.\000\040\0001\0007\040\023\0002\0003\000\040\000\050\000e\000x\000c\000e\000p\000t\000\040\000P\000s\000a\000l\000m\000o\000d\000y\000\051}{}% 71
\BOOKMARK [1][-]{section*.12}{\376\377\000D\000e\000c\000.\000\040\0001\0007\000,\000\040\000M\000o\000r\000n\000i\000n\000g\000\040\000P\000r\000a\000y\000e\000r}{chapter*.11}% 72
\BOOKMARK [1][-]{poemline.353.10}{\376\377\000D\000e\000c\000.\000\040\0001\0007\000,\000\040\000E\000v\000e\000n\000i\000n\000g\000\040\000P\000r\000a\000y\000e\000r}{chapter*.11}% 73
\BOOKMARK [1][-]{poemline.357.10}{\376\377\000D\000e\000c\000.\000\040\0001\0008\000,\000\040\000M\000o\000r\000n\000i\000n\000g\000\040\000P\000r\000a\000y\000e\000r}{chapter*.11}% 74
\BOOKMARK [1][-]{poemline.361.9}{\376\377\000D\000e\000c\000.\000\040\0001\0008\000,\000\040\000E\000v\000e\000n\000i\000n\000g\000\040\000P\000r\000a\000y\000e\000r}{chapter*.11}% 75
\BOOKMARK [1][-]{poemline.365.9}{\376\377\000D\000e\000c\000.\000\040\0001\0009\000,\000\040\000M\000o\000r\000n\000i\000n\000g\000\040\000P\000r\000a\000y\000e\000r}{chapter*.11}% 76
\BOOKMARK [1][-]{poemline.369.10}{\376\377\000D\000e\000c\000.\000\040\0001\0009\000,\000\040\000E\000v\000e\000n\000i\000n\000g\000\040\000P\000r\000a\000y\000e\000r}{chapter*.11}% 77
\BOOKMARK [1][-]{poemline.373.10}{\376\377\000D\000e\000c\000.\000\040\0002\0000\000,\000\040\000M\000o\000r\000n\000i\000n\000g\000\040\000P\000r\000a\000y\000e\000r}{chapter*.11}% 78
\BOOKMARK [1][-]{poemline.377.10}{\376\377\000D\000e\000c\000.\000\040\0002\0000\000,\000\040\000E\000v\000e\000n\000i\000n\000g\000\040\000P\000r\000a\000y\000e\000r}{chapter*.11}% 79
\BOOKMARK [1][-]{poemline.381.10}{\376\377\000D\000e\000c\000.\000\040\0002\0001\000,\000\040\000M\000o\000r\000n\000i\000n\000g\000\040\000P\000r\000a\000y\000e\000r}{chapter*.11}% 80
\BOOKMARK [1][-]{poemline.385.10}{\376\377\000D\000e\000c\000.\000\040\0002\0001\000,\000\040\000E\000v\000e\000n\000i\000n\000g\000\040\000P\000r\000a\000y\000e\000r}{chapter*.11}% 81
\BOOKMARK [1][-]{poemline.389.10}{\376\377\000D\000e\000c\000.\000\040\0002\0002\000,\000\040\000M\000o\000r\000n\000i\000n\000g\000\040\000P\000r\000a\000y\000e\000r}{chapter*.11}% 82
\BOOKMARK [1][-]{poemline.393.8}{\376\377\000D\000e\000c\000.\000\040\0002\0002\000,\000\040\000E\000v\000e\000n\000i\000n\000g\000\040\000P\000r\000a\000y\000e\000r}{chapter*.11}% 83
\BOOKMARK [1][-]{poemline.397.8}{\376\377\000D\000e\000c\000.\000\040\0002\0003\000,\000\040\000M\000o\000r\000n\000i\000n\000g\000\040\000P\000r\000a\000y\000e\000r}{chapter*.11}% 84
\BOOKMARK [1][-]{poemline.401.11}{\376\377\000D\000e\000c\000.\000\040\0002\0003\000,\000\040\000E\000v\000e\000n\000i\000n\000g\000\040\000P\000r\000a\000y\000e\000r}{chapter*.11}% 85
\BOOKMARK [0][-]{chapter*.13}{\376\377\000D\000e\000c\000.\000\040\0002\0004}{}% 86
\BOOKMARK [1][-]{section*.14}{\376\377\000D\000e\000c\000.\000\040\0002\0004\000,\000\040\000M\000o\000r\000n\000i\000n\000g\000\040\000P\000r\000a\000y\000e\000r}{chapter*.13}% 87
