\BOOKMARK [0][-]{chapter*.2}{\376\377\000C\000h\000r\000i\000s\000t\000m\000a\000s}{}% 1
\BOOKMARK [1][-]{section*.3}{\376\377\000M\000o\000r\000n\000i\000n\000g\000\040\000P\000r\000a\000y\000e\000r}{chapter*.2}% 2
\BOOKMARK [0][-]{chapter*.4}{\376\377\000H\000o\000l\000y\000\040\000F\000a\000m\000i\000l\000y}{}% 3
\BOOKMARK [1][-]{section*.5}{\376\377\000M\000o\000r\000n\000i\000n\000g\000\040\000P\000r\000a\000y\000e\000r}{chapter*.4}% 4
\BOOKMARK [0][-]{chapter*.6}{\376\377\000O\000c\000t\000a\000v\000e\000\040\000o\000f\000\040\000C\000h\000r\000i\000s\000t\000m\000a\000s}{}% 5
\BOOKMARK [1][-]{section*.7}{\376\377\000D\000e\000c\000.\000\040\0002\0006\000,\000\040\000M\000o\000r\000n\000i\000n\000g\000\040\000P\000r\000a\000y\000e\000r}{chapter*.6}% 6
\BOOKMARK [1][-]{section*.7}{\376\377\000D\000e\000c\000.\000\040\0002\0007\000,\000\040\000M\000o\000r\000n\000i\000n\000g\000\040\000P\000r\000a\000y\000e\000r}{chapter*.6}% 7
\BOOKMARK [1][-]{section*.7}{\376\377\000D\000e\000c\000.\000\040\0002\0008\000,\000\040\000M\000o\000r\000n\000i\000n\000g\000\040\000P\000r\000a\000y\000e\000r}{chapter*.6}% 8
\BOOKMARK [1][-]{section*.7}{\376\377\000D\000e\000c\000.\000\040\0002\0009\000,\000\040\000M\000o\000r\000n\000i\000n\000g\000\040\000P\000r\000a\000y\000e\000r}{chapter*.6}% 9
\BOOKMARK [1][-]{poemline.17.10}{\376\377\000D\000e\000c\000.\000\040\0003\0000\000,\000\040\000M\000o\000r\000n\000i\000n\000g\000\040\000P\000r\000a\000y\000e\000r}{chapter*.6}% 10
\BOOKMARK [1][-]{poemline.20.9}{\376\377\000D\000e\000c\000.\000\040\0003\0001\000,\000\040\000M\000o\000r\000n\000i\000n\000g\000\040\000P\000r\000a\000y\000e\000r}{chapter*.6}% 11
\BOOKMARK [0][-]{chapter*.8}{\376\377\000J\000a\000n\000.\000\040\0001\000\040\040\024\000\040\000M\000a\000r\000y\000,\000\040\000M\000o\000t\000h\000e\000r\000\040\000o\000f\000\040\000G\000o\000d}{}% 12
\BOOKMARK [1][-]{section*.9}{\376\377\000M\000o\000r\000n\000i\000n\000g\000\040\000P\000r\000a\000y\000e\000r}{chapter*.8}% 13
\BOOKMARK [0][-]{chapter*.10}{\376\377\000F\000r\000o\000m\000\040\000J\000a\000n\000u\000a\000r\000y\000\040\0002\000\040\000t\000o\000\040\000E\000p\000i\000p\000h\000a\000n\000y}{}% 14
\BOOKMARK [1][-]{section*.11}{\376\377\000M\000o\000n\000d\000a\000y\000\040\000M\000o\000r\000n\000i\000n\000g\000\040\000P\000r\000a\000y\000e\000r}{chapter*.10}% 15
\BOOKMARK [1][-]{poemline.35.9}{\376\377\000T\000u\000e\000s\000d\000a\000y\000\040\000M\000o\000r\000n\000i\000n\000g\000\040\000P\000r\000a\000y\000e\000r}{chapter*.10}% 16
\BOOKMARK [1][-]{poemline.40.9}{\376\377\000W\000e\000d\000n\000e\000s\000d\000a\000y\000\040\000M\000o\000r\000n\000i\000n\000g\000\040\000P\000r\000a\000y\000e\000r}{chapter*.10}% 17
\BOOKMARK [1][-]{poemline.45.9}{\376\377\000T\000h\000u\000r\000s\000d\000a\000y\000\040\000M\000o\000r\000n\000i\000n\000g\000\040\000P\000r\000a\000y\000e\000r}{chapter*.10}% 18
\BOOKMARK [1][-]{poemline.50.9}{\376\377\000F\000r\000i\000d\000a\000y\000\040\000M\000o\000r\000n\000i\000n\000g\000\040\000P\000r\000a\000y\000e\000r}{chapter*.10}% 19
\BOOKMARK [1][-]{poemline.56.10}{\376\377\000S\000a\000t\000u\000r\000d\000a\000y\000\040\000M\000o\000r\000n\000i\000n\000g\000\040\000P\000r\000a\000y\000e\000r}{chapter*.10}% 20
\BOOKMARK [0][-]{chapter*.12}{\376\377\000E\000p\000i\000p\000h\000a\000n\000y}{}% 21
\BOOKMARK [1][-]{section*.13}{\376\377\000M\000o\000r\000n\000i\000n\000g\000\040\000P\000r\000a\000y\000e\000r}{chapter*.12}% 22
\BOOKMARK [0][-]{chapter*.14}{\376\377\000A\000f\000t\000e\000r\000\040\000E\000p\000i\000p\000h\000a\000n\000y\000\040\000t\000o\000\040\000B\000a\000p\000t\000i\000s\000m}{}% 23
\BOOKMARK [1][-]{section*.15}{\376\377\000M\000o\000n\000d\000a\000y\000\040\000M\000o\000r\000n\000i\000n\000g\000\040\000P\000r\000a\000y\000e\000r}{chapter*.14}% 24
\BOOKMARK [1][-]{poemline.75.10}{\376\377\000T\000u\000e\000s\000d\000a\000y\000\040\000M\000o\000r\000n\000i\000n\000g\000\040\000P\000r\000a\000y\000e\000r}{chapter*.14}% 25
\BOOKMARK [1][-]{poemline.81.7}{\376\377\000W\000e\000d\000n\000e\000s\000d\000a\000y\000\040\000M\000o\000r\000n\000i\000n\000g\000\040\000P\000r\000a\000y\000e\000r}{chapter*.14}% 26
\BOOKMARK [1][-]{poemline.87.8}{\376\377\000T\000h\000u\000r\000s\000d\000a\000y\000\040\000M\000o\000r\000n\000i\000n\000g\000\040\000P\000r\000a\000y\000e\000r}{chapter*.14}% 27
\BOOKMARK [1][-]{poemline.93.9}{\376\377\000F\000r\000i\000d\000a\000y\000\040\000M\000o\000r\000n\000i\000n\000g\000\040\000P\000r\000a\000y\000e\000r}{chapter*.14}% 28
\BOOKMARK [1][-]{poemline.99.8}{\376\377\000S\000a\000t\000u\000r\000d\000a\000y\000\040\000M\000o\000r\000n\000i\000n\000g\000\040\000P\000r\000a\000y\000e\000r}{chapter*.14}% 29
\BOOKMARK [0][-]{chapter*.16}{\376\377\000B\000a\000p\000t\000i\000s\000m\000\040\000o\000f\000\040\000t\000h\000e\000\040\000L\000o\000r\000d}{}% 30
\BOOKMARK [1][-]{section*.17}{\376\377\000M\000o\000r\000n\000i\000n\000g\000\040\000P\000r\000a\000y\000e\000r}{chapter*.16}% 31
