\BOOKMARK [0][-]{chapter*.2}{\376\377\000W\000e\000e\000k\000\040\000I}{}% 1
\BOOKMARK [1][-]{section*.3}{\376\377\000S\000u\000n\000d\000a\000y\000\040\000E\000v\000e\000n\000i\000n\000g\000\040\000P\000r\000a\000y\000e\000r\000\040\000I}{chapter*.2}% 2
\BOOKMARK [1][-]{poemline.4.15}{\376\377\000S\000u\000n\000d\000a\000y\000\040\000M\000o\000r\000n\000i\000n\000g\000\040\000P\000r\000a\000y\000e\000r}{chapter*.2}% 3
\BOOKMARK [1][-]{poemline.8.19}{\376\377\000S\000u\000n\000d\000a\000y\000\040\000E\000v\000e\000n\000i\000n\000g\000\040\000P\000r\000a\000y\000e\000r\000\040\000I\000I}{chapter*.2}% 4
\BOOKMARK [1][-]{poemline.12.25}{\376\377\000M\000o\000n\000d\000a\000y\000\040\000M\000o\000r\000n\000i\000n\000g\000\040\000P\000r\000a\000y\000e\000r}{chapter*.2}% 5
\BOOKMARK [1][-]{poemline.17.20}{\376\377\000M\000o\000n\000d\000a\000y\000\040\000E\000v\000e\000n\000i\000n\000g\000\040\000P\000r\000a\000y\000e\000r}{chapter*.2}% 6
\BOOKMARK [1][-]{poemline.22.15}{\376\377\000T\000u\000e\000s\000d\000a\000y\000\040\000M\000o\000r\000n\000i\000n\000g\000\040\000P\000r\000a\000y\000e\000r}{chapter*.2}% 7
\BOOKMARK [1][-]{poemline.27.20}{\376\377\000T\000u\000e\000s\000d\000a\000y\000\040\000E\000v\000e\000n\000i\000n\000g\000\040\000P\000r\000a\000y\000e\000r}{chapter*.2}% 8
\BOOKMARK [1][-]{poemline.32.15}{\376\377\000W\000e\000d\000n\000e\000s\000d\000a\000y\000\040\000M\000o\000r\000n\000i\000n\000g\000\040\000P\000r\000a\000y\000e\000r}{chapter*.2}% 9
\BOOKMARK [1][-]{poemline.37.20}{\376\377\000W\000e\000d\000n\000e\000s\000d\000a\000y\000\040\000E\000v\000e\000n\000i\000n\000g\000\040\000P\000r\000a\000y\000e\000r}{chapter*.2}% 10
\BOOKMARK [1][-]{poemline.42.15}{\376\377\000T\000h\000u\000r\000s\000d\000a\000y\000\040\000M\000o\000r\000n\000i\000n\000g\000\040\000P\000r\000a\000y\000e\000r}{chapter*.2}% 11
\BOOKMARK [1][-]{poemline.47.20}{\376\377\000T\000h\000u\000r\000s\000d\000a\000y\000\040\000E\000v\000e\000n\000i\000n\000g\000\040\000P\000r\000a\000y\000e\000r}{chapter*.2}% 12
\BOOKMARK [1][-]{poemline.52.15}{\376\377\000F\000r\000i\000d\000a\000y\000\040\000M\000o\000r\000n\000i\000n\000g\000\040\000P\000r\000a\000y\000e\000r}{chapter*.2}% 13
\BOOKMARK [1][-]{poemline.57.20}{\376\377\000F\000r\000i\000d\000a\000y\000\040\000E\000v\000e\000n\000i\000n\000g\000\040\000P\000r\000a\000y\000e\000r}{chapter*.2}% 14
\BOOKMARK [1][-]{poemline.62.15}{\376\377\000S\000a\000t\000u\000r\000d\000a\000y\000\040\000M\000o\000r\000n\000i\000n\000g\000\040\000P\000r\000a\000y\000e\000r}{chapter*.2}% 15
\BOOKMARK [0][-]{chapter*.4}{\376\377\000W\000e\000e\000k\000\040\000I\000I}{}% 16
\BOOKMARK [1][-]{section*.5}{\376\377\000S\000u\000n\000d\000a\000y\000\040\000E\000v\000e\000n\000i\000n\000g\000\040\000P\000r\000a\000y\000e\000r\000\040\000I}{chapter*.4}% 17
\BOOKMARK [1][-]{poemline.70.15}{\376\377\000S\000u\000n\000d\000a\000y\000\040\000M\000o\000r\000n\000i\000n\000g\000\040\000P\000r\000a\000y\000e\000r}{chapter*.4}% 18
\BOOKMARK [1][-]{poemline.73.13}{\376\377\000S\000u\000n\000d\000a\000y\000\040\000E\000v\000e\000n\000i\000n\000g\000\040\000P\000r\000a\000y\000e\000r\000\040\000I\000I}{chapter*.4}% 19
\BOOKMARK [1][-]{poemline.76.25}{\376\377\000M\000o\000n\000d\000a\000y\000\040\000M\000o\000r\000n\000i\000n\000g\000\040\000P\000r\000a\000y\000e\000r}{chapter*.4}% 20
\BOOKMARK [1][-]{poemline.81.20}{\376\377\000M\000o\000n\000d\000a\000y\000\040\000E\000v\000e\000n\000i\000n\000g\000\040\000P\000r\000a\000y\000e\000r}{chapter*.4}% 21
\BOOKMARK [1][-]{poemline.86.15}{\376\377\000T\000u\000e\000s\000d\000a\000y\000\040\000M\000o\000r\000n\000i\000n\000g\000\040\000P\000r\000a\000y\000e\000r}{chapter*.4}% 22
\BOOKMARK [1][-]{poemline.91.20}{\376\377\000T\000u\000e\000s\000d\000a\000y\000\040\000E\000v\000e\000n\000i\000n\000g\000\040\000P\000r\000a\000y\000e\000r}{chapter*.4}% 23
\BOOKMARK [1][-]{poemline.95.15}{\376\377\000W\000e\000d\000n\000e\000s\000d\000a\000y\000\040\000M\000o\000r\000n\000i\000n\000g\000\040\000P\000r\000a\000y\000e\000r}{chapter*.4}% 24
\BOOKMARK [1][-]{poemline.100.20}{\376\377\000W\000e\000d\000n\000e\000s\000d\000a\000y\000\040\000E\000v\000e\000n\000i\000n\000g\000\040\000P\000r\000a\000y\000e\000r}{chapter*.4}% 25
\BOOKMARK [1][-]{poemline.105.15}{\376\377\000T\000h\000u\000r\000s\000d\000a\000y\000\040\000M\000o\000r\000n\000i\000n\000g\000\040\000P\000r\000a\000y\000e\000r}{chapter*.4}% 26
\BOOKMARK [1][-]{poemline.110.20}{\376\377\000T\000h\000u\000r\000s\000d\000a\000y\000\040\000E\000v\000e\000n\000i\000n\000g\000\040\000P\000r\000a\000y\000e\000r}{chapter*.4}% 27
\BOOKMARK [1][-]{poemline.115.15}{\376\377\000F\000r\000i\000d\000a\000y\000\040\000M\000o\000r\000n\000i\000n\000g\000\040\000P\000r\000a\000y\000e\000r}{chapter*.4}% 28
\BOOKMARK [1][-]{poemline.120.20}{\376\377\000F\000r\000i\000d\000a\000y\000\040\000E\000v\000e\000n\000i\000n\000g\000\040\000P\000r\000a\000y\000e\000r}{chapter*.4}% 29
\BOOKMARK [1][-]{poemline.124.15}{\376\377\000S\000a\000t\000u\000r\000d\000a\000y\000\040\000M\000o\000r\000n\000i\000n\000g\000\040\000P\000r\000a\000y\000e\000r}{chapter*.4}% 30
\BOOKMARK [0][-]{chapter*.6}{\376\377\000W\000e\000e\000k\000\040\000I\000I\000I}{}% 31
\BOOKMARK [1][-]{section*.7}{\376\377\000S\000u\000n\000d\000a\000y\000\040\000E\000v\000e\000n\000i\000n\000g\000\040\000P\000r\000a\000y\000e\000r\000\040\000I}{chapter*.6}% 32
\BOOKMARK [1][-]{poemline.132.15}{\376\377\000S\000u\000n\000d\000a\000y\000\040\000M\000o\000r\000n\000i\000n\000g\000\040\000P\000r\000a\000y\000e\000r}{chapter*.6}% 33
\BOOKMARK [1][-]{poemline.136.28}{\376\377\000S\000u\000n\000d\000a\000y\000\040\000E\000v\000e\000n\000i\000n\000g\000\040\000P\000r\000a\000y\000e\000r\000\040\000I\000I}{chapter*.6}% 34
\BOOKMARK [1][-]{poemline.140.25}{\376\377\000M\000o\000n\000d\000a\000y\000\040\000M\000o\000r\000n\000i\000n\000g\000\040\000P\000r\000a\000y\000e\000r}{chapter*.6}% 35
\BOOKMARK [1][-]{poemline.145.20}{\376\377\000M\000o\000n\000d\000a\000y\000\040\000E\000v\000e\000n\000i\000n\000g\000\040\000P\000r\000a\000y\000e\000r}{chapter*.6}% 36
\BOOKMARK [1][-]{poemline.150.15}{\376\377\000T\000u\000e\000s\000d\000a\000y\000\040\000M\000o\000r\000n\000i\000n\000g\000\040\000P\000r\000a\000y\000e\000r}{chapter*.6}% 37
\BOOKMARK [1][-]{poemline.155.20}{\376\377\000T\000u\000e\000s\000d\000a\000y\000\040\000E\000v\000e\000n\000i\000n\000g\000\040\000P\000r\000a\000y\000e\000r}{chapter*.6}% 38
\BOOKMARK [1][-]{poemline.160.15}{\376\377\000W\000e\000d\000n\000e\000s\000d\000a\000y\000\040\000M\000o\000r\000n\000i\000n\000g\000\040\000P\000r\000a\000y\000e\000r}{chapter*.6}% 39
\BOOKMARK [1][-]{poemline.165.20}{\376\377\000W\000e\000d\000n\000e\000s\000d\000a\000y\000\040\000E\000v\000e\000n\000i\000n\000g\000\040\000P\000r\000a\000y\000e\000r}{chapter*.6}% 40
\BOOKMARK [1][-]{poemline.170.15}{\376\377\000T\000h\000u\000r\000s\000d\000a\000y\000\040\000M\000o\000r\000n\000i\000n\000g\000\040\000P\000r\000a\000y\000e\000r}{chapter*.6}% 41
\BOOKMARK [1][-]{poemline.175.20}{\376\377\000T\000h\000u\000r\000s\000d\000a\000y\000\040\000E\000v\000e\000n\000i\000n\000g\000\040\000P\000r\000a\000y\000e\000r}{chapter*.6}% 42
\BOOKMARK [1][-]{poemline.180.15}{\376\377\000F\000r\000i\000d\000a\000y\000\040\000M\000o\000r\000n\000i\000n\000g\000\040\000P\000r\000a\000y\000e\000r}{chapter*.6}% 43
\BOOKMARK [1][-]{poemline.185.20}{\376\377\000F\000r\000i\000d\000a\000y\000\040\000E\000v\000e\000n\000i\000n\000g\000\040\000P\000r\000a\000y\000e\000r}{chapter*.6}% 44
\BOOKMARK [1][-]{poemline.190.15}{\376\377\000S\000a\000t\000u\000r\000d\000a\000y\000\040\000M\000o\000r\000n\000i\000n\000g\000\040\000P\000r\000a\000y\000e\000r}{chapter*.6}% 45
\BOOKMARK [0][-]{chapter*.8}{\376\377\000W\000e\000e\000k\000\040\000I\000V}{}% 46
\BOOKMARK [1][-]{section*.9}{\376\377\000S\000u\000n\000d\000a\000y\000\040\000E\000v\000e\000n\000i\000n\000g\000\040\000P\000r\000a\000y\000e\000r\000\040\000I}{chapter*.8}% 47
\BOOKMARK [1][-]{poemline.198.15}{\376\377\000S\000u\000n\000d\000a\000y\000\040\000M\000o\000r\000n\000i\000n\000g\000\040\000P\000r\000a\000y\000e\000r}{chapter*.8}% 48
\BOOKMARK [1][-]{poemline.201.13}{\376\377\000S\000u\000n\000d\000a\000y\000\040\000E\000v\000e\000n\000i\000n\000g\000\040\000P\000r\000a\000y\000e\000r\000\040\000I\000I}{chapter*.8}% 49
\BOOKMARK [1][-]{poemline.204.25}{\376\377\000M\000o\000n\000d\000a\000y\000\040\000M\000o\000r\000n\000i\000n\000g\000\040\000P\000r\000a\000y\000e\000r}{chapter*.8}% 50
\BOOKMARK [1][-]{poemline.209.20}{\376\377\000M\000o\000n\000d\000a\000y\000\040\000E\000v\000e\000n\000i\000n\000g\000\040\000P\000r\000a\000y\000e\000r}{chapter*.8}% 51
\BOOKMARK [1][-]{poemline.214.15}{\376\377\000T\000u\000e\000s\000d\000a\000y\000\040\000M\000o\000r\000n\000i\000n\000g\000\040\000P\000r\000a\000y\000e\000r}{chapter*.8}% 52
\BOOKMARK [1][-]{poemline.219.20}{\376\377\000T\000u\000e\000s\000d\000a\000y\000\040\000E\000v\000e\000n\000i\000n\000g\000\040\000P\000r\000a\000y\000e\000r}{chapter*.8}% 53
\BOOKMARK [1][-]{poemline.223.15}{\376\377\000W\000e\000d\000n\000e\000s\000d\000a\000y\000\040\000M\000o\000r\000n\000i\000n\000g\000\040\000P\000r\000a\000y\000e\000r}{chapter*.8}% 54
\BOOKMARK [1][-]{poemline.228.20}{\376\377\000W\000e\000d\000n\000e\000s\000d\000a\000y\000\040\000E\000v\000e\000n\000i\000n\000g\000\040\000P\000r\000a\000y\000e\000r}{chapter*.8}% 55
\BOOKMARK [1][-]{poemline.233.15}{\376\377\000T\000h\000u\000r\000s\000d\000a\000y\000\040\000M\000o\000r\000n\000i\000n\000g\000\040\000P\000r\000a\000y\000e\000r}{chapter*.8}% 56
\BOOKMARK [1][-]{poemline.238.20}{\376\377\000T\000h\000u\000r\000s\000d\000a\000y\000\040\000E\000v\000e\000n\000i\000n\000g\000\040\000P\000r\000a\000y\000e\000r}{chapter*.8}% 57
\BOOKMARK [1][-]{poemline.243.15}{\376\377\000F\000r\000i\000d\000a\000y\000\040\000M\000o\000r\000n\000i\000n\000g\000\040\000P\000r\000a\000y\000e\000r}{chapter*.8}% 58
\BOOKMARK [1][-]{poemline.248.20}{\376\377\000F\000r\000i\000d\000a\000y\000\040\000E\000v\000e\000n\000i\000n\000g\000\040\000P\000r\000a\000y\000e\000r}{chapter*.8}% 59
\BOOKMARK [1][-]{poemline.252.15}{\376\377\000S\000a\000t\000u\000r\000d\000a\000y\000\040\000M\000o\000r\000n\000i\000n\000g\000\040\000P\000r\000a\000y\000e\000r}{chapter*.8}% 60
\BOOKMARK [0][-]{chapter*.10}{\376\377\000S\000u\000n\000d\000a\000y\000s\000\040\000i\000n\000\040\000O\000r\000d\000i\000n\000a\000r\000y\000\040\000T\000i\000m\000e}{}% 61
\BOOKMARK [1][-]{section*.11}{\376\377\000S\000e\000c\000o\000n\000d\000\040\000S\000u\000n\000d\000a\000y\000\040\000i\000n\000\040\000O\000r\000d\000i\000n\000a\000r\000y\000\040\000T\000i\000m\000e}{chapter*.10}% 62
\BOOKMARK [1][-]{poemline.259.15}{\376\377\000T\000h\000i\000r\000d\000\040\000S\000u\000n\000d\000a\000y\000\040\000i\000n\000\040\000O\000r\000d\000i\000n\000a\000r\000y\000\040\000T\000i\000m\000e}{chapter*.10}% 63
\BOOKMARK [1][-]{poemline.262.15}{\376\377\000F\000o\000u\000r\000t\000h\000\040\000S\000u\000n\000d\000a\000y\000\040\000i\000n\000\040\000O\000r\000d\000i\000n\000a\000r\000y\000\040\000T\000i\000m\000e}{chapter*.10}% 64
\BOOKMARK [1][-]{poemline.265.15}{\376\377\000F\000i\000f\000t\000h\000\040\000S\000u\000n\000d\000a\000y\000\040\000i\000n\000\040\000O\000r\000d\000i\000n\000a\000r\000y\000\040\000T\000i\000m\000e}{chapter*.10}% 65
\BOOKMARK [1][-]{poemline.268.15}{\376\377\000S\000i\000x\000t\000h\000\040\000S\000u\000n\000d\000a\000y\000\040\000i\000n\000\040\000O\000r\000d\000i\000n\000a\000r\000y\000\040\000T\000i\000m\000e}{chapter*.10}% 66
\BOOKMARK [1][-]{poemline.271.15}{\376\377\000S\000e\000v\000e\000n\000t\000h\000\040\000S\000u\000n\000d\000a\000y\000\040\000i\000n\000\040\000O\000r\000d\000i\000n\000a\000r\000y\000\040\000T\000i\000m\000e}{chapter*.10}% 67
\BOOKMARK [1][-]{poemline.274.15}{\376\377\000E\000i\000g\000h\000t\000h\000\040\000S\000u\000n\000d\000a\000y\000\040\000i\000n\000\040\000O\000r\000d\000i\000n\000a\000r\000y\000\040\000T\000i\000m\000e}{chapter*.10}% 68
\BOOKMARK [1][-]{poemline.277.15}{\376\377\000N\000i\000n\000t\000h\000\040\000S\000u\000n\000d\000a\000y\000\040\000i\000n\000\040\000O\000r\000d\000i\000n\000a\000r\000y\000\040\000T\000i\000m\000e}{chapter*.10}% 69
\BOOKMARK [1][-]{poemline.280.15}{\376\377\000T\000e\000n\000t\000h\000\040\000S\000u\000n\000d\000a\000y\000\040\000i\000n\000\040\000O\000r\000d\000i\000n\000a\000r\000y\000\040\000T\000i\000m\000e}{chapter*.10}% 70
\BOOKMARK [1][-]{poemline.283.15}{\376\377\000E\000l\000e\000v\000e\000n\000t\000h\000\040\000S\000u\000n\000d\000a\000y\000\040\000i\000n\000\040\000O\000r\000d\000i\000n\000a\000r\000y\000\040\000T\000i\000m\000e}{chapter*.10}% 71
\BOOKMARK [1][-]{poemline.286.15}{\376\377\000T\000w\000e\000l\000f\000t\000h\000\040\000S\000u\000n\000d\000a\000y\000\040\000i\000n\000\040\000O\000r\000d\000i\000n\000a\000r\000y\000\040\000T\000i\000m\000e}{chapter*.10}% 72
\BOOKMARK [1][-]{poemline.289.15}{\376\377\000T\000h\000i\000r\000t\000e\000e\000n\000t\000h\000\040\000S\000u\000n\000d\000a\000y\000\040\000i\000n\000\040\000O\000r\000d\000i\000n\000a\000r\000y\000\040\000T\000i\000m\000e}{chapter*.10}% 73
\BOOKMARK [1][-]{poemline.292.15}{\376\377\000F\000o\000u\000r\000t\000e\000e\000n\000t\000h\000\040\000S\000u\000n\000d\000a\000y\000\040\000i\000n\000\040\000O\000r\000d\000i\000n\000a\000r\000y\000\040\000T\000i\000m\000e}{chapter*.10}% 74
\BOOKMARK [1][-]{poemline.295.15}{\376\377\000F\000i\000f\000t\000e\000e\000n\000t\000h\000\040\000S\000u\000n\000d\000a\000y\000\040\000i\000n\000\040\000O\000r\000d\000i\000n\000a\000r\000y\000\040\000T\000i\000m\000e}{chapter*.10}% 75
\BOOKMARK [1][-]{poemline.298.15}{\376\377\000S\000i\000x\000t\000e\000e\000n\000t\000h\000\040\000S\000u\000n\000d\000a\000y\000\040\000i\000n\000\040\000O\000r\000d\000i\000n\000a\000r\000y\000\040\000T\000i\000m\000e}{chapter*.10}% 76
\BOOKMARK [1][-]{poemline.301.15}{\376\377\000S\000e\000v\000e\000n\000t\000e\000e\000n\000t\000h\000\040\000S\000u\000n\000d\000a\000y\000\040\000i\000n\000\040\000O\000r\000d\000i\000n\000a\000r\000y\000\040\000T\000i\000m\000e}{chapter*.10}% 77
\BOOKMARK [1][-]{poemline.304.15}{\376\377\000E\000i\000g\000h\000t\000e\000e\000n\000t\000h\000\040\000S\000u\000n\000d\000a\000y\000\040\000i\000n\000\040\000O\000r\000d\000i\000n\000a\000r\000y\000\040\000T\000i\000m\000e}{chapter*.10}% 78
\BOOKMARK [1][-]{poemline.307.15}{\376\377\000N\000i\000n\000e\000t\000e\000e\000n\000t\000h\000\040\000S\000u\000n\000d\000a\000y\000\040\000i\000n\000\040\000O\000r\000d\000i\000n\000a\000r\000y\000\040\000T\000i\000m\000e}{chapter*.10}% 79
\BOOKMARK [1][-]{poemline.310.15}{\376\377\000T\000w\000e\000n\000t\000i\000e\000t\000h\000\040\000S\000u\000n\000d\000a\000y\000\040\000i\000n\000\040\000O\000r\000d\000i\000n\000a\000r\000y\000\040\000T\000i\000m\000e}{chapter*.10}% 80
\BOOKMARK [1][-]{poemline.313.15}{\376\377\000T\000w\000e\000n\000t\000y\000-\000F\000i\000r\000s\000t\000\040\000S\000u\000n\000d\000a\000y\000\040\000i\000n\000\040\000O\000r\000d\000i\000n\000a\000r\000y\000\040\000T\000i\000m\000e}{chapter*.10}% 81
\BOOKMARK [1][-]{poemline.316.15}{\376\377\000T\000w\000e\000n\000t\000y\000-\000S\000e\000c\000o\000n\000d\000\040\000S\000u\000n\000d\000a\000y\000\040\000i\000n\000\040\000O\000r\000d\000i\000n\000a\000r\000y\000\040\000T\000i\000m\000e}{chapter*.10}% 82
\BOOKMARK [1][-]{poemline.319.15}{\376\377\000T\000w\000e\000n\000t\000y\000-\000T\000h\000i\000r\000d\000\040\000S\000u\000n\000d\000a\000y\000\040\000i\000n\000\040\000O\000r\000d\000i\000n\000a\000r\000y\000\040\000T\000i\000m\000e}{chapter*.10}% 83
\BOOKMARK [1][-]{poemline.322.15}{\376\377\000T\000w\000e\000n\000t\000y\000-\000F\000o\000u\000r\000t\000h\000\040\000S\000u\000n\000d\000a\000y\000\040\000i\000n\000\040\000O\000r\000d\000i\000n\000a\000r\000y\000\040\000T\000i\000m\000e}{chapter*.10}% 84
\BOOKMARK [1][-]{poemline.325.15}{\376\377\000T\000w\000e\000n\000t\000y\000-\000F\000i\000f\000t\000h\000\040\000S\000u\000n\000d\000a\000y\000\040\000i\000n\000\040\000O\000r\000d\000i\000n\000a\000r\000y\000\040\000T\000i\000m\000e}{chapter*.10}% 85
\BOOKMARK [1][-]{poemline.328.15}{\376\377\000T\000w\000e\000n\000t\000y\000-\000S\000i\000x\000t\000h\000\040\000S\000u\000n\000d\000a\000y\000\040\000i\000n\000\040\000O\000r\000d\000i\000n\000a\000r\000y\000\040\000T\000i\000m\000e}{chapter*.10}% 86
\BOOKMARK [1][-]{poemline.331.15}{\376\377\000T\000w\000e\000n\000t\000y\000-\000S\000e\000v\000e\000n\000t\000h\000\040\000S\000u\000n\000d\000a\000y\000\040\000i\000n\000\040\000O\000r\000d\000i\000n\000a\000r\000y\000\040\000T\000i\000m\000e}{chapter*.10}% 87
\BOOKMARK [1][-]{poemline.334.15}{\376\377\000T\000w\000e\000n\000t\000y\000-\000E\000i\000g\000h\000t\000h\000\040\000S\000u\000n\000d\000a\000y\000\040\000i\000n\000\040\000O\000r\000d\000i\000n\000a\000r\000y\000\040\000T\000i\000m\000e}{chapter*.10}% 88
\BOOKMARK [1][-]{poemline.337.15}{\376\377\000T\000w\000e\000n\000t\000y\000-\000N\000i\000n\000t\000h\000\040\000S\000u\000n\000d\000a\000y\000\040\000i\000n\000\040\000O\000r\000d\000i\000n\000a\000r\000y\000\040\000T\000i\000m\000e}{chapter*.10}% 89
\BOOKMARK [1][-]{poemline.340.15}{\376\377\000T\000h\000i\000r\000t\000i\000e\000t\000h\000\040\000S\000u\000n\000d\000a\000y\000\040\000i\000n\000\040\000O\000r\000d\000i\000n\000a\000r\000y\000\040\000T\000i\000m\000e}{chapter*.10}% 90
\BOOKMARK [1][-]{poemline.343.15}{\376\377\000T\000h\000i\000r\000t\000y\000-\000F\000i\000r\000s\000t\000\040\000S\000u\000n\000d\000a\000y\000\040\000i\000n\000\040\000O\000r\000d\000i\000n\000a\000r\000y\000\040\000T\000i\000m\000e}{chapter*.10}% 91
\BOOKMARK [1][-]{poemline.346.15}{\376\377\000T\000h\000i\000r\000t\000y\000-\000S\000e\000c\000o\000n\000d\000\040\000S\000u\000n\000d\000a\000y\000\040\000i\000n\000\040\000O\000r\000d\000i\000n\000a\000r\000y\000\040\000T\000i\000m\000e}{chapter*.10}% 92
\BOOKMARK [1][-]{poemline.349.15}{\376\377\000T\000h\000i\000r\000t\000y\000-\000T\000h\000i\000r\000d\000\040\000S\000u\000n\000d\000a\000y\000\040\000i\000n\000\040\000O\000r\000d\000i\000n\000a\000r\000y\000\040\000T\000i\000m\000e}{chapter*.10}% 93
