\BOOKMARK [0][-]{chapter*.2}{\376\377\000W\000e\000e\000k\000\040\000I}{}% 1
\BOOKMARK [1][-]{section*.3}{\376\377\000S\000u\000n\000d\000a\000y\000\040\000M\000o\000r\000n\000i\000n\000g\000\040\000P\000r\000a\000y\000e\000r}{chapter*.2}% 2
\BOOKMARK [1][-]{poemline.4.19}{\376\377\000M\000o\000n\000d\000a\000y\000\040\000M\000o\000r\000n\000i\000n\000g\000\040\000P\000r\000a\000y\000e\000r}{chapter*.2}% 3
\BOOKMARK [1][-]{poemline.10.10}{\376\377\000T\000u\000e\000s\000d\000a\000y\000\040\000M\000o\000r\000n\000i\000n\000g\000\040\000P\000r\000a\000y\000e\000r}{chapter*.2}% 4
\BOOKMARK [1][-]{poemline.16.10}{\376\377\000W\000e\000d\000n\000e\000s\000d\000a\000y\000\040\000M\000o\000r\000n\000i\000n\000g\000\040\000P\000r\000a\000y\000e\000r}{chapter*.2}% 5
\BOOKMARK [1][-]{poemline.22.11}{\376\377\000T\000h\000u\000r\000s\000d\000a\000y\000\040\000M\000o\000r\000n\000i\000n\000g\000\040\000P\000r\000a\000y\000e\000r}{chapter*.2}% 6
\BOOKMARK [1][-]{poemline.28.7}{\376\377\000F\000r\000i\000d\000a\000y\000\040\000M\000o\000r\000n\000i\000n\000g\000\040\000P\000r\000a\000y\000e\000r}{chapter*.2}% 7
\BOOKMARK [1][-]{poemline.34.11}{\376\377\000S\000a\000t\000u\000r\000d\000a\000y\000\040\000M\000o\000r\000n\000i\000n\000g\000\040\000P\000r\000a\000y\000e\000r}{chapter*.2}% 8
\BOOKMARK [0][-]{chapter*.4}{\376\377\000W\000e\000e\000k\000\040\000I\000I}{}% 9
\BOOKMARK [1][-]{section*.5}{\376\377\000S\000u\000n\000d\000a\000y\000\040\000M\000o\000r\000n\000i\000n\000g\000\040\000P\000r\000a\000y\000e\000r}{chapter*.4}% 10
\BOOKMARK [1][-]{poemline.42.13}{\376\377\000M\000o\000n\000d\000a\000y\000\040\000M\000o\000r\000n\000i\000n\000g\000\040\000P\000r\000a\000y\000e\000r}{chapter*.4}% 11
\BOOKMARK [1][-]{poemline.48.10}{\376\377\000T\000u\000e\000s\000d\000a\000y\000\040\000M\000o\000r\000n\000i\000n\000g\000\040\000P\000r\000a\000y\000e\000r}{chapter*.4}% 12
\BOOKMARK [1][-]{poemline.54.9}{\376\377\000W\000e\000d\000n\000e\000s\000d\000a\000y\000\040\000M\000o\000r\000n\000i\000n\000g\000\040\000P\000r\000a\000y\000e\000r}{chapter*.4}% 13
\BOOKMARK [1][-]{poemline.60.10}{\376\377\000T\000h\000u\000r\000s\000d\000a\000y\000\040\000M\000o\000r\000n\000i\000n\000g\000\040\000P\000r\000a\000y\000e\000r}{chapter*.4}% 14
\BOOKMARK [1][-]{poemline.66.9}{\376\377\000F\000r\000i\000d\000a\000y\000\040\000M\000o\000r\000n\000i\000n\000g\000\040\000P\000r\000a\000y\000e\000r}{chapter*.4}% 15
\BOOKMARK [1][-]{poemline.72.8}{\376\377\000S\000a\000t\000u\000r\000d\000a\000y\000\040\000M\000o\000r\000n\000i\000n\000g\000\040\000P\000r\000a\000y\000e\000r}{chapter*.4}% 16
\BOOKMARK [0][-]{chapter*.6}{\376\377\000W\000e\000e\000k\000\040\000I\000I\000I}{}% 17
\BOOKMARK [1][-]{section*.7}{\376\377\000S\000u\000n\000d\000a\000y\000\040\000M\000o\000r\000n\000i\000n\000g\000\040\000P\000r\000a\000y\000e\000r}{chapter*.6}% 18
\BOOKMARK [1][-]{poemline.81.28}{\376\377\000M\000o\000n\000d\000a\000y\000\040\000M\000o\000r\000n\000i\000n\000g\000\040\000P\000r\000a\000y\000e\000r}{chapter*.6}% 19
\BOOKMARK [1][-]{poemline.87.11}{\376\377\000T\000u\000e\000s\000d\000a\000y\000\040\000M\000o\000r\000n\000i\000n\000g\000\040\000P\000r\000a\000y\000e\000r}{chapter*.6}% 20
\BOOKMARK [1][-]{poemline.93.10}{\376\377\000W\000e\000d\000n\000e\000s\000d\000a\000y\000\040\000M\000o\000r\000n\000i\000n\000g\000\040\000P\000r\000a\000y\000e\000r}{chapter*.6}% 21
\BOOKMARK [1][-]{poemline.99.10}{\376\377\000T\000h\000u\000r\000s\000d\000a\000y\000\040\000M\000o\000r\000n\000i\000n\000g\000\040\000P\000r\000a\000y\000e\000r}{chapter*.6}% 22
\BOOKMARK [1][-]{poemline.105.8}{\376\377\000F\000r\000i\000d\000a\000y\000\040\000M\000o\000r\000n\000i\000n\000g\000\040\000P\000r\000a\000y\000e\000r}{chapter*.6}% 23
\BOOKMARK [1][-]{poemline.111.8}{\376\377\000S\000a\000t\000u\000r\000d\000a\000y\000\040\000M\000o\000r\000n\000i\000n\000g\000\040\000P\000r\000a\000y\000e\000r}{chapter*.6}% 24
\BOOKMARK [0][-]{chapter*.8}{\376\377\000W\000e\000e\000k\000\040\000I\000V}{}% 25
\BOOKMARK [1][-]{section*.9}{\376\377\000S\000u\000n\000d\000a\000y\000\040\000M\000o\000r\000n\000i\000n\000g\000\040\000P\000r\000a\000y\000e\000r}{chapter*.8}% 26
\BOOKMARK [1][-]{poemline.119.13}{\376\377\000M\000o\000n\000d\000a\000y\000\040\000M\000o\000r\000n\000i\000n\000g\000\040\000P\000r\000a\000y\000e\000r}{chapter*.8}% 27
\BOOKMARK [1][-]{poemline.125.9}{\376\377\000T\000u\000e\000s\000d\000a\000y\000\040\000M\000o\000r\000n\000i\000n\000g\000\040\000P\000r\000a\000y\000e\000r}{chapter*.8}% 28
\BOOKMARK [1][-]{poemline.131.7}{\376\377\000W\000e\000d\000n\000e\000s\000d\000a\000y\000\040\000M\000o\000r\000n\000i\000n\000g\000\040\000P\000r\000a\000y\000e\000r}{chapter*.8}% 29
\BOOKMARK [1][-]{poemline.137.9}{\376\377\000T\000h\000u\000r\000s\000d\000a\000y\000\040\000M\000o\000r\000n\000i\000n\000g\000\040\000P\000r\000a\000y\000e\000r}{chapter*.8}% 30
\BOOKMARK [1][-]{poemline.143.9}{\376\377\000F\000r\000i\000d\000a\000y\000\040\000M\000o\000r\000n\000i\000n\000g\000\040\000P\000r\000a\000y\000e\000r}{chapter*.8}% 31
\BOOKMARK [1][-]{poemline.149.10}{\376\377\000S\000a\000t\000u\000r\000d\000a\000y\000\040\000M\000o\000r\000n\000i\000n\000g\000\040\000P\000r\000a\000y\000e\000r}{chapter*.8}% 32
\BOOKMARK [0][-]{chapter*.10}{\376\377\000S\000u\000n\000d\000a\000y\000s\000\040\000i\000n\000\040\000O\000r\000d\000i\000n\000a\000r\000y\000\040\000T\000i\000m\000e}{}% 33
\BOOKMARK [1][-]{section*.11}{\376\377\000S\000e\000c\000o\000n\000d\000\040\000S\000u\000n\000d\000a\000y\000\040\000i\000n\000\040\000O\000r\000d\000i\000n\000a\000r\000y\000\040\000T\000i\000m\000e}{chapter*.10}% 34
\BOOKMARK [1][-]{poemline.157.9}{\376\377\000T\000h\000i\000r\000d\000\040\000S\000u\000n\000d\000a\000y\000\040\000i\000n\000\040\000O\000r\000d\000i\000n\000a\000r\000y\000\040\000T\000i\000m\000e}{chapter*.10}% 35
\BOOKMARK [1][-]{poemline.160.8}{\376\377\000F\000o\000u\000r\000t\000h\000\040\000S\000u\000n\000d\000a\000y\000\040\000i\000n\000\040\000O\000r\000d\000i\000n\000a\000r\000y\000\040\000T\000i\000m\000e}{chapter*.10}% 36
\BOOKMARK [1][-]{poemline.163.7}{\376\377\000F\000i\000f\000t\000h\000\040\000S\000u\000n\000d\000a\000y\000\040\000i\000n\000\040\000O\000r\000d\000i\000n\000a\000r\000y\000\040\000T\000i\000m\000e}{chapter*.10}% 37
\BOOKMARK [1][-]{poemline.166.7}{\376\377\000S\000i\000x\000t\000h\000\040\000S\000u\000n\000d\000a\000y\000\040\000i\000n\000\040\000O\000r\000d\000i\000n\000a\000r\000y\000\040\000T\000i\000m\000e}{chapter*.10}% 38
\BOOKMARK [1][-]{poemline.169.8}{\376\377\000S\000e\000v\000e\000n\000t\000h\000\040\000S\000u\000n\000d\000a\000y\000\040\000i\000n\000\040\000O\000r\000d\000i\000n\000a\000r\000y\000\040\000T\000i\000m\000e}{chapter*.10}% 39
\BOOKMARK [1][-]{poemline.172.8}{\376\377\000E\000i\000g\000h\000t\000h\000\040\000S\000u\000n\000d\000a\000y\000\040\000i\000n\000\040\000O\000r\000d\000i\000n\000a\000r\000y\000\040\000T\000i\000m\000e}{chapter*.10}% 40
\BOOKMARK [1][-]{poemline.175.9}{\376\377\000N\000i\000n\000t\000h\000\040\000S\000u\000n\000d\000a\000y\000\040\000i\000n\000\040\000O\000r\000d\000i\000n\000a\000r\000y\000\040\000T\000i\000m\000e}{chapter*.10}% 41
\BOOKMARK [1][-]{poemline.178.8}{\376\377\000T\000e\000n\000t\000h\000\040\000S\000u\000n\000d\000a\000y\000\040\000i\000n\000\040\000O\000r\000d\000i\000n\000a\000r\000y\000\040\000T\000i\000m\000e}{chapter*.10}% 42
\BOOKMARK [1][-]{poemline.181.8}{\376\377\000E\000l\000e\000v\000e\000n\000t\000h\000\040\000S\000u\000n\000d\000a\000y\000\040\000i\000n\000\040\000O\000r\000d\000i\000n\000a\000r\000y\000\040\000T\000i\000m\000e}{chapter*.10}% 43
\BOOKMARK [1][-]{poemline.184.10}{\376\377\000T\000w\000e\000l\000f\000t\000h\000\040\000S\000u\000n\000d\000a\000y\000\040\000i\000n\000\040\000O\000r\000d\000i\000n\000a\000r\000y\000\040\000T\000i\000m\000e}{chapter*.10}% 44
\BOOKMARK [1][-]{poemline.187.8}{\376\377\000T\000h\000i\000r\000t\000e\000e\000n\000t\000h\000\040\000S\000u\000n\000d\000a\000y\000\040\000i\000n\000\040\000O\000r\000d\000i\000n\000a\000r\000y\000\040\000T\000i\000m\000e}{chapter*.10}% 45
\BOOKMARK [1][-]{poemline.190.9}{\376\377\000F\000o\000u\000r\000t\000e\000e\000n\000t\000h\000\040\000S\000u\000n\000d\000a\000y\000\040\000i\000n\000\040\000O\000r\000d\000i\000n\000a\000r\000y\000\040\000T\000i\000m\000e}{chapter*.10}% 46
\BOOKMARK [1][-]{poemline.193.9}{\376\377\000F\000i\000f\000t\000e\000e\000n\000t\000h\000\040\000S\000u\000n\000d\000a\000y\000\040\000i\000n\000\040\000O\000r\000d\000i\000n\000a\000r\000y\000\040\000T\000i\000m\000e}{chapter*.10}% 47
\BOOKMARK [1][-]{poemline.196.11}{\376\377\000S\000i\000x\000t\000e\000e\000n\000t\000h\000\040\000S\000u\000n\000d\000a\000y\000\040\000i\000n\000\040\000O\000r\000d\000i\000n\000a\000r\000y\000\040\000T\000i\000m\000e}{chapter*.10}% 48
\BOOKMARK [1][-]{poemline.199.8}{\376\377\000S\000e\000v\000e\000n\000t\000e\000e\000n\000t\000h\000\040\000S\000u\000n\000d\000a\000y\000\040\000i\000n\000\040\000O\000r\000d\000i\000n\000a\000r\000y\000\040\000T\000i\000m\000e}{chapter*.10}% 49
\BOOKMARK [1][-]{poemline.202.11}{\376\377\000E\000i\000g\000h\000t\000e\000e\000n\000t\000h\000\040\000S\000u\000n\000d\000a\000y\000\040\000i\000n\000\040\000O\000r\000d\000i\000n\000a\000r\000y\000\040\000T\000i\000m\000e}{chapter*.10}% 50
\BOOKMARK [1][-]{poemline.205.9}{\376\377\000N\000i\000n\000e\000t\000e\000e\000n\000t\000h\000\040\000S\000u\000n\000d\000a\000y\000\040\000i\000n\000\040\000O\000r\000d\000i\000n\000a\000r\000y\000\040\000T\000i\000m\000e}{chapter*.10}% 51
\BOOKMARK [1][-]{poemline.208.11}{\376\377\000T\000w\000e\000n\000t\000i\000e\000t\000h\000\040\000S\000u\000n\000d\000a\000y\000\040\000i\000n\000\040\000O\000r\000d\000i\000n\000a\000r\000y\000\040\000T\000i\000m\000e}{chapter*.10}% 52
\BOOKMARK [1][-]{poemline.211.10}{\376\377\000T\000w\000e\000n\000t\000y\000-\000F\000i\000r\000s\000t\000\040\000S\000u\000n\000d\000a\000y\000\040\000i\000n\000\040\000O\000r\000d\000i\000n\000a\000r\000y\000\040\000T\000i\000m\000e}{chapter*.10}% 53
\BOOKMARK [1][-]{poemline.214.11}{\376\377\000T\000w\000e\000n\000t\000y\000-\000S\000e\000c\000o\000n\000d\000\040\000S\000u\000n\000d\000a\000y\000\040\000i\000n\000\040\000O\000r\000d\000i\000n\000a\000r\000y\000\040\000T\000i\000m\000e}{chapter*.10}% 54
\BOOKMARK [1][-]{poemline.217.10}{\376\377\000T\000w\000e\000n\000t\000y\000-\000T\000h\000i\000r\000d\000\040\000S\000u\000n\000d\000a\000y\000\040\000i\000n\000\040\000O\000r\000d\000i\000n\000a\000r\000y\000\040\000T\000i\000m\000e}{chapter*.10}% 55
\BOOKMARK [1][-]{poemline.220.9}{\376\377\000T\000w\000e\000n\000t\000y\000-\000F\000o\000u\000r\000t\000h\000\040\000S\000u\000n\000d\000a\000y\000\040\000i\000n\000\040\000O\000r\000d\000i\000n\000a\000r\000y\000\040\000T\000i\000m\000e}{chapter*.10}% 56
\BOOKMARK [1][-]{poemline.223.8}{\376\377\000T\000w\000e\000n\000t\000y\000-\000F\000i\000f\000t\000h\000\040\000S\000u\000n\000d\000a\000y\000\040\000i\000n\000\040\000O\000r\000d\000i\000n\000a\000r\000y\000\040\000T\000i\000m\000e}{chapter*.10}% 57
\BOOKMARK [1][-]{poemline.226.8}{\376\377\000T\000w\000e\000n\000t\000y\000-\000S\000i\000x\000t\000h\000\040\000S\000u\000n\000d\000a\000y\000\040\000i\000n\000\040\000O\000r\000d\000i\000n\000a\000r\000y\000\040\000T\000i\000m\000e}{chapter*.10}% 58
\BOOKMARK [1][-]{poemline.229.9}{\376\377\000T\000w\000e\000n\000t\000y\000-\000S\000e\000v\000e\000n\000t\000h\000\040\000S\000u\000n\000d\000a\000y\000\040\000i\000n\000\040\000O\000r\000d\000i\000n\000a\000r\000y\000\040\000T\000i\000m\000e}{chapter*.10}% 59
\BOOKMARK [1][-]{poemline.232.10}{\376\377\000T\000w\000e\000n\000t\000y\000-\000E\000i\000g\000h\000t\000h\000\040\000S\000u\000n\000d\000a\000y\000\040\000i\000n\000\040\000O\000r\000d\000i\000n\000a\000r\000y\000\040\000T\000i\000m\000e}{chapter*.10}% 60
\BOOKMARK [1][-]{poemline.235.8}{\376\377\000T\000w\000e\000n\000t\000y\000-\000N\000i\000n\000t\000h\000\040\000S\000u\000n\000d\000a\000y\000\040\000i\000n\000\040\000O\000r\000d\000i\000n\000a\000r\000y\000\040\000T\000i\000m\000e}{chapter*.10}% 61
\BOOKMARK [1][-]{poemline.238.7}{\376\377\000T\000h\000i\000r\000t\000i\000e\000t\000h\000\040\000S\000u\000n\000d\000a\000y\000\040\000i\000n\000\040\000O\000r\000d\000i\000n\000a\000r\000y\000\040\000T\000i\000m\000e}{chapter*.10}% 62
\BOOKMARK [1][-]{poemline.241.8}{\376\377\000T\000h\000i\000r\000t\000y\000-\000F\000i\000r\000s\000t\000\040\000S\000u\000n\000d\000a\000y\000\040\000i\000n\000\040\000O\000r\000d\000i\000n\000a\000r\000y\000\040\000T\000i\000m\000e}{chapter*.10}% 63
\BOOKMARK [1][-]{poemline.244.10}{\376\377\000T\000h\000i\000r\000t\000y\000-\000S\000e\000c\000o\000n\000d\000\040\000S\000u\000n\000d\000a\000y\000\040\000i\000n\000\040\000O\000r\000d\000i\000n\000a\000r\000y\000\040\000T\000i\000m\000e}{chapter*.10}% 64
\BOOKMARK [1][-]{poemline.247.9}{\376\377\000T\000h\000i\000r\000t\000y\000-\000T\000h\000i\000r\000d\000\040\000S\000u\000n\000d\000a\000y\000\040\000i\000n\000\040\000O\000r\000d\000i\000n\000a\000r\000y\000\040\000T\000i\000m\000e}{chapter*.10}% 65
